This file contains any messages produced by compilers while
running configure, to aid debugging if configure makes a mistake.

It was created by configure, which was
generated by GNU Autoconf 2.53.  Invocation command line was

  $ ./configure 

## --------- ##
## Platform. ##
## --------- ##

hostname = test
uname -m = x86_64
uname -r = 4.19.0-14-amd64
uname -s = Linux
uname -v = #1 SMP Debian 4.19.171-2 (2021-01-30)

/usr/bin/uname -p = unknown
/bin/uname -X     = unknown

/bin/arch              = x86_64
/usr/bin/arch -k       = unknown
/usr/convex/getsysinfo = unknown
hostinfo               = unknown
/bin/machine           = unknown
/usr/bin/oslevel       = unknown
/bin/universe          = unknown

PATH: /usr/local/bin
PATH: /usr/bin
PATH: /bin
PATH: /usr/local/games
PATH: /usr/games


## ----------- ##
## Core tests. ##
## ----------- ##

configure:1385: checking build system type
configure:1403: result: x86_64-unknown-linux-gnu
configure:1411: checking host system type
configure:1425: result: x86_64-unknown-linux-gnu
configure:1433: checking target system type
configure:1447: result: x86_64-unknown-linux-gnu
configure:1474: checking for a BSD-compatible install
configure:1528: result: /usr/bin/install -c
configure:1539: checking whether build environment is sane
configure:1582: result: yes
configure:1616: checking for gawk
configure:1645: result: no
configure:1616: checking for mawk
configure:1632: found /usr/bin/mawk
configure:1642: result: mawk
configure:1652: checking whether make sets ${MAKE}
configure:1672: result: yes
configure:1780: checking whether to enable maintainer-specific portions of Makefiles
configure:1789: result: no
configure:1879: checking for style of include used by make
configure:1907: result: GNU
configure:1957: checking for gcc
configure:1973: found /usr/bin/gcc
configure:1983: result: gcc
configure:2227: checking for C compiler version
configure:2230: gcc --version </dev/null >&5
gcc (Debian 8.3.0-6) 8.3.0
Copyright (C) 2018 Free Software Foundation, Inc.
This is free software; see the source for copying conditions.  There is NO
warranty; not even for MERCHANTABILITY or FITNESS FOR A PARTICULAR PURPOSE.

configure:2233: $? = 0
configure:2235: gcc -v </dev/null >&5
Using built-in specs.
COLLECT_GCC=gcc
COLLECT_LTO_WRAPPER=/usr/lib/gcc/x86_64-linux-gnu/8/lto-wrapper
OFFLOAD_TARGET_NAMES=nvptx-none
OFFLOAD_TARGET_DEFAULT=1
Target: x86_64-linux-gnu
Configured with: ../src/configure -v --with-pkgversion='Debian 8.3.0-6' --with-bugurl=file:///usr/share/doc/gcc-8/README.Bugs --enable-languages=c,ada,c++,go,brig,d,fortran,objc,obj-c++ --prefix=/usr --with-gcc-major-version-only --program-suffix=-8 --program-prefix=x86_64-linux-gnu- --enable-shared --enable-linker-build-id --libexecdir=/usr/lib --without-included-gettext --enable-threads=posix --libdir=/usr/lib --enable-nls --enable-bootstrap --enable-clocale=gnu --enable-libstdcxx-debug --enable-libstdcxx-time=yes --with-default-libstdcxx-abi=new --enable-gnu-unique-object --disable-vtable-verify --enable-libmpx --enable-plugin --enable-default-pie --with-system-zlib --with-target-system-zlib --enable-objc-gc=auto --enable-multiarch --disable-werror --with-arch-32=i686 --with-abi=m64 --with-multilib-list=m32,m64,mx32 --enable-multilib --with-tune=generic --enable-offload-targets=nvptx-none --without-cuda-driver --enable-checking=release --build=x86_64-linux-gnu --host=x86_64-linux-gnu --target=x86_64-linux-gnu
Thread model: posix
gcc version 8.3.0 (Debian 8.3.0-6) 
configure:2238: $? = 0
configure:2240: gcc -V </dev/null >&5
gcc: error: unrecognized command line option '-V'
gcc: fatal error: no input files
compilation terminated.
configure:2243: $? = 1
configure:2269: checking for C compiler default output
configure:2272: gcc    conftest.c  >&5
configure:2275: $? = 0
configure:2308: result: a.out
configure:2313: checking whether the C compiler works
configure:2319: ./a.out
configure:2322: $? = 0
configure:2337: result: yes
configure:2344: checking whether we are cross compiling
configure:2346: result: no
configure:2349: checking for suffix of executables
configure:2351: gcc -o conftest    conftest.c  >&5
configure:2354: $? = 0
configure:2376: result: 
configure:2382: checking for suffix of object files
configure:2406: gcc -c   conftest.c >&5
configure:2409: $? = 0
configure:2428: result: o
configure:2432: checking whether we are using the GNU C compiler
configure:2459: gcc -c   conftest.c >&5
configure:2462: $? = 0
configure:2465: test -s conftest.o
configure:2468: $? = 0
configure:2480: result: yes
configure:2486: checking whether gcc accepts -g
configure:2510: gcc -c -g  conftest.c >&5
configure:2513: $? = 0
configure:2516: test -s conftest.o
configure:2519: $? = 0
configure:2529: result: yes
configure:2556: gcc -c -g -O2  conftest.c >&5
conftest.c:2:3: error: unknown type name 'choke'
   choke me
   ^~~~~
conftest.c:2:3: error: expected '=', ',', ';', 'asm' or '__attribute__' at end of input
configure:2559: $? = 1
configure: failed program was:
#ifndef __cplusplus
  choke me
#endif
configure:2671: checking dependency style of gcc
configure:2733: result: gcc3
configure:2760: checking for ld used by GCC
configure:2823: result: /usr/bin/ld
configure:2832: checking if the linker (/usr/bin/ld) is GNU ld
GNU ld (GNU Binutils for Debian) 2.31.1
configure:2844: result: yes
configure:2849: checking for /usr/bin/ld option to reload object files
configure:2856: result: -r
configure:2861: checking for BSD-compatible nm
configure:2897: result: /usr/bin/nm -B
configure:2900: checking whether ln -s works
configure:2904: result: yes
configure:2911: checking how to recognise dependant libraries
configure:3089: result: file_magic ELF [0-9][0-9]*-bit [LM]SB (shared object|dynamic lib )
configure:3102: checking command to parse /usr/bin/nm -B output
configure:3183: gcc -c -g -O2  conftest.c >&5
configure:3186: $? = 0
configure:3190: /usr/bin/nm -B conftest.o \| sed -n -e 's/^.*[ 	]\([ABCDGISTW][ABCDGISTW]*\)[ 	][ 	]*\(\)\([_A-Za-z][_A-Za-z0-9]*\)$/\1 \2\3 \3/p' \> conftest.nm
configure:3193: $? = 0
configure:3245: gcc -o conftest -g -O2   conftest.c conftstm.o >&5
configure:3248: $? = 0
configure:3292: result: ok
configure:3301: checking how to run the C preprocessor
configure:3327: gcc -E  conftest.c
configure:3333: $? = 0
configure:3360: gcc -E  conftest.c
configure:3356:10: fatal error: ac_nonexistent.h: No such file or directory
 else
          ^                 
compilation terminated.
configure:3366: $? = 1
configure: failed program was:
#line 3355 "configure"
#include "confdefs.h"
#include <ac_nonexistent.h>
configure:3403: result: gcc -E
configure:3418: gcc -E  conftest.c
configure:3424: $? = 0
configure:3451: gcc -E  conftest.c
configure:3447:10: fatal error: ac_nonexistent.h: No such file or directory
 else
          ^                 
compilation terminated.
configure:3457: $? = 1
configure: failed program was:
#line 3446 "configure"
#include "confdefs.h"
#include <ac_nonexistent.h>
configure:3497: checking for ANSI C header files
configure:3511: gcc -E  conftest.c
configure:3517: $? = 0
configure:3604: gcc -o conftest -g -O2   conftest.c  >&5
configure: In function 'main':
configure:3595:7: warning: implicit declaration of function 'exit' [-Wimplicit-function-declaration]
 #include "confdefs.h"
       ^~~~
configure:3595:7: warning: incompatible implicit declaration of built-in function 'exit'
configure:3595:7: note: include '<stdlib.h>' or provide a declaration of 'exit'
configure:3579:1:
+#include <stdlib.h>
   egrep "free" >/dev/null 2>&1; then
configure:3595:7:
 #include "confdefs.h"
       ^~~~
configure:3596:3: warning: incompatible implicit declaration of built-in function 'exit'
 #include <ctype.h>
   ^~~~
configure:3596:3: note: include '<stdlib.h>' or provide a declaration of 'exit'
configure:3607: $? = 0
configure:3609: ./conftest
configure:3612: $? = 0
configure:3626: result: yes
configure:3650: checking for sys/types.h
configure:3663: gcc -c -g -O2  conftest.c >&5
configure:3666: $? = 0
configure:3669: test -s conftest.o
configure:3672: $? = 0
configure:3682: result: yes
configure:3650: checking for sys/stat.h
configure:3663: gcc -c -g -O2  conftest.c >&5
configure:3666: $? = 0
configure:3669: test -s conftest.o
configure:3672: $? = 0
configure:3682: result: yes
configure:3650: checking for stdlib.h
configure:3663: gcc -c -g -O2  conftest.c >&5
configure:3666: $? = 0
configure:3669: test -s conftest.o
configure:3672: $? = 0
configure:3682: result: yes
configure:3650: checking for string.h
configure:3663: gcc -c -g -O2  conftest.c >&5
configure:3666: $? = 0
configure:3669: test -s conftest.o
configure:3672: $? = 0
configure:3682: result: yes
configure:3650: checking for memory.h
configure:3663: gcc -c -g -O2  conftest.c >&5
configure:3666: $? = 0
configure:3669: test -s conftest.o
configure:3672: $? = 0
configure:3682: result: yes
configure:3650: checking for strings.h
configure:3663: gcc -c -g -O2  conftest.c >&5
configure:3666: $? = 0
configure:3669: test -s conftest.o
configure:3672: $? = 0
configure:3682: result: yes
configure:3650: checking for inttypes.h
configure:3663: gcc -c -g -O2  conftest.c >&5
configure:3666: $? = 0
configure:3669: test -s conftest.o
configure:3672: $? = 0
configure:3682: result: yes
configure:3650: checking for stdint.h
configure:3663: gcc -c -g -O2  conftest.c >&5
configure:3666: $? = 0
configure:3669: test -s conftest.o
configure:3672: $? = 0
configure:3682: result: yes
configure:3650: checking for unistd.h
configure:3663: gcc -c -g -O2  conftest.c >&5
configure:3666: $? = 0
configure:3669: test -s conftest.o
configure:3672: $? = 0
configure:3682: result: yes
configure:3708: checking dlfcn.h usability
configure:3717: gcc -c -g -O2  conftest.c >&5
configure:3720: $? = 0
configure:3723: test -s conftest.o
configure:3726: $? = 0
configure:3735: result: yes
configure:3739: checking dlfcn.h presence
configure:3746: gcc -E  conftest.c
configure:3752: $? = 0
configure:3770: result: yes
configure:3788: checking for dlfcn.h
configure:3795: result: yes
configure:3816: checking for file
configure:3871: result: /usr/bin/file
configure:3992: checking for ranlib
configure:4008: found /usr/bin/ranlib
configure:4019: result: ranlib
configure:4072: checking for strip
configure:4088: found /usr/bin/strip
configure:4099: result: strip
configure:4310: checking for objdir
configure:4321: result: .libs
configure:4338: checking for gcc option to produce PIC
configure:4488: result: -fPIC
configure:4492: checking if gcc PIC flag -fPIC works
configure:4518: gcc -c -g -O2 -fPIC -DPIC  conftest.c >&5
configure:4521: $? = 0
configure:4524: test -s conftest.o
configure:4527: $? = 0
configure:4564: result: yes
configure:4580: checking if gcc static flag -static works
configure:4607: gcc -o conftest -g -O2   -static conftest.c  >&5
configure:4610: $? = 0
configure:4613: test -s conftest
configure:4616: $? = 0
configure:4631: result: yes
configure:4643: checking if gcc supports -c -o file.o
configure:4679: gcc -c -g -O2 -o out/conftest2.o  conftest.c >&5
configure:4687: result: yes
configure:4692: checking if gcc supports -c -o file.lo
configure:4722: gcc -c -g -O2 -c -o conftest.lo  conftest.c >&5
configure:4725: $? = 0
configure:4728: test -s conftest.lo
configure:4731: $? = 0
configure:4752: result: yes
configure:4783: checking if gcc supports -fno-rtti -fno-exceptions
configure:4808: gcc -c -g -O2 -fno-rtti -fno-exceptions -c conftest.c  conftest.c >&5
cc1: warning: command line option '-fno-rtti' is valid for C++/ObjC++ but not for C
cc1: warning: command line option '-fno-rtti' is valid for C++/ObjC++ but not for C
configure:4811: $? = 0
configure:4814: test -s conftest.o
configure:4817: $? = 0
configure:4833: result: yes
configure:4844: checking whether the linker (/usr/bin/ld) supports shared libraries
configure:5524: result: yes
configure:5529: checking how to hardcode library paths into programs
configure:5553: result: immediate
configure:5558: checking whether stripping libraries is possible
configure:5563: result: yes
configure:5574: checking dynamic linker characteristics
configure:5967: result: GNU/Linux ld.so
configure:5972: checking if libtool supports shared libraries
configure:5974: result: yes
configure:5977: checking whether to build shared libraries
configure:5998: result: yes
configure:6001: checking whether to build static libraries
configure:6005: result: yes
configure:6667: checking whether -lc should be explicitly linked in
configure:6675: gcc -c -g -O2  conftest.c >&5
configure:6678: $? = 0
configure:6692: gcc -shared conftest.o  -v -Wl,-soname -Wl,conftest -o conftest 2\>\&1 \| grep  -lc  \>/dev/null 2\>\&1
configure:6695: $? = 0
configure:6708: result: no
configure:7289: checking for autoconf
configure:7320: result: @echo autoconf not available
configure:7329: checking for autoheader
configure:7360: result: @echo autoheader not available
configure:7447: checking for gcc
configure:7473: result: gcc
configure:7717: checking for C compiler version
configure:7720: gcc --version </dev/null >&5
gcc (Debian 8.3.0-6) 8.3.0
Copyright (C) 2018 Free Software Foundation, Inc.
This is free software; see the source for copying conditions.  There is NO
warranty; not even for MERCHANTABILITY or FITNESS FOR A PARTICULAR PURPOSE.

configure:7723: $? = 0
configure:7725: gcc -v </dev/null >&5
Using built-in specs.
COLLECT_GCC=gcc
COLLECT_LTO_WRAPPER=/usr/lib/gcc/x86_64-linux-gnu/8/lto-wrapper
OFFLOAD_TARGET_NAMES=nvptx-none
OFFLOAD_TARGET_DEFAULT=1
Target: x86_64-linux-gnu
Configured with: ../src/configure -v --with-pkgversion='Debian 8.3.0-6' --with-bugurl=file:///usr/share/doc/gcc-8/README.Bugs --enable-languages=c,ada,c++,go,brig,d,fortran,objc,obj-c++ --prefix=/usr --with-gcc-major-version-only --program-suffix=-8 --program-prefix=x86_64-linux-gnu- --enable-shared --enable-linker-build-id --libexecdir=/usr/lib --without-included-gettext --enable-threads=posix --libdir=/usr/lib --enable-nls --enable-bootstrap --enable-clocale=gnu --enable-libstdcxx-debug --enable-libstdcxx-time=yes --with-default-libstdcxx-abi=new --enable-gnu-unique-object --disable-vtable-verify --enable-libmpx --enable-plugin --enable-default-pie --with-system-zlib --with-target-system-zlib --enable-objc-gc=auto --enable-multiarch --disable-werror --with-arch-32=i686 --with-abi=m64 --with-multilib-list=m32,m64,mx32 --enable-multilib --with-tune=generic --enable-offload-targets=nvptx-none --without-cuda-driver --enable-checking=release --build=x86_64-linux-gnu --host=x86_64-linux-gnu --target=x86_64-linux-gnu
Thread model: posix
gcc version 8.3.0 (Debian 8.3.0-6) 
configure:7728: $? = 0
configure:7730: gcc -V </dev/null >&5
gcc: error: unrecognized command line option '-V'
gcc: fatal error: no input files
compilation terminated.
configure:7733: $? = 1
configure:7736: checking whether we are using the GNU C compiler
configure:7784: result: yes
configure:7790: checking whether gcc accepts -g
configure:7833: result: yes
configure:7860: gcc -c -g -O2  conftest.c >&5
conftest.c:2:3: error: unknown type name 'choke'
   choke me
   ^~~~~
conftest.c:2:3: error: expected '=', ',', ';', 'asm' or '__attribute__' at end of input
configure:7863: $? = 1
configure: failed program was:
#ifndef __cplusplus
  choke me
#endif
configure:7975: checking dependency style of gcc
configure:8037: result: gcc3
configure:8047: checking how to run the C preprocessor
configure:8149: result: gcc -E
configure:8164: gcc -E  conftest.c
configure:8170: $? = 0
configure:8197: gcc -E  conftest.c
configure:8193:10: fatal error: ac_nonexistent.h: No such file or directory
 else
          ^                 
compilation terminated.
configure:8203: $? = 1
configure: failed program was:
#line 8192 "configure"
#include "confdefs.h"
#include <ac_nonexistent.h>
configure:8254: checking for a BSD-compatible install
configure:8308: result: /usr/bin/install -c
configure:8319: checking whether ln -s works
configure:8323: result: yes
configure:8330: checking whether make sets ${MAKE}
configure:8350: result: yes
configure:8363: checking for bison
configure:8392: result: no
configure:8363: checking for byacc
configure:8392: result: no
configure:8402: checking for ar
configure:8420: found /usr/bin/ar
configure:8433: result: /usr/bin/ar
configure:8449: checking for ANSI C header files
configure:8578: result: yes
configure:8605: checking fcntl.h usability
configure:8614: gcc -c -g -O2  conftest.c >&5
configure:8617: $? = 0
configure:8620: test -s conftest.o
configure:8623: $? = 0
configure:8632: result: yes
configure:8636: checking fcntl.h presence
configure:8643: gcc -E  conftest.c
configure:8649: $? = 0
configure:8667: result: yes
configure:8685: checking for fcntl.h
configure:8692: result: yes
configure:8605: checking time.h usability
configure:8614: gcc -c -g -O2  conftest.c >&5
configure:8617: $? = 0
configure:8620: test -s conftest.o
configure:8623: $? = 0
configure:8632: result: yes
configure:8636: checking time.h presence
configure:8643: gcc -E  conftest.c
configure:8649: $? = 0
configure:8667: result: yes
configure:8685: checking for time.h
configure:8692: result: yes
configure:8605: checking sys/time.h usability
configure:8614: gcc -c -g -O2  conftest.c >&5
configure:8617: $? = 0
configure:8620: test -s conftest.o
configure:8623: $? = 0
configure:8632: result: yes
configure:8636: checking sys/time.h presence
configure:8643: gcc -E  conftest.c
configure:8649: $? = 0
configure:8667: result: yes
configure:8685: checking for sys/time.h
configure:8692: result: yes
configure:8596: checking for unistd.h
configure:8601: result: yes
configure:8720: checking netinet/in.h usability
configure:8729: gcc -c -g -O2  conftest.c >&5
configure:8732: $? = 0
configure:8735: test -s conftest.o
configure:8738: $? = 0
configure:8747: result: yes
configure:8751: checking netinet/in.h presence
configure:8758: gcc -E  conftest.c
configure:8764: $? = 0
configure:8782: result: yes
configure:8800: checking for netinet/in.h
configure:8807: result: yes
configure:8720: checking sys/param.h usability
configure:8729: gcc -c -g -O2  conftest.c >&5
configure:8732: $? = 0
configure:8735: test -s conftest.o
configure:8738: $? = 0
configure:8747: result: yes
configure:8751: checking sys/param.h presence
configure:8758: gcc -E  conftest.c
configure:8764: $? = 0
configure:8782: result: yes
configure:8800: checking for sys/param.h
configure:8807: result: yes
configure:8834: checking regex.h usability
configure:8843: gcc -c -g -O2  conftest.c >&5
configure:8846: $? = 0
configure:8849: test -s conftest.o
configure:8852: $? = 0
configure:8861: result: yes
configure:8865: checking regex.h presence
configure:8872: gcc -E  conftest.c
configure:8878: $? = 0
configure:8896: result: yes
configure:8914: checking for regex.h
configure:8921: result: yes
configure:8948: checking sysexits.h usability
configure:8957: gcc -c -g -O2  conftest.c >&5
configure:8960: $? = 0
configure:8963: test -s conftest.o
configure:8966: $? = 0
configure:8975: result: yes
configure:8979: checking sysexits.h presence
configure:8986: gcc -E  conftest.c
configure:8992: $? = 0
configure:9010: result: yes
configure:9028: checking for sysexits.h
configure:9035: result: yes
configure:9062: checking sys/locking.h usability
configure:9071: gcc -c -g -O2  conftest.c >&5
configure:9099:10: fatal error: sys/locking.h: No such file or directory
 else
          ^              
compilation terminated.
configure:9074: $? = 1
configure: failed program was:
#line 9064 "configure"
#include "confdefs.h"
#include <stdio.h>
#if HAVE_SYS_TYPES_H
# include <sys/types.h>
#endif
#if HAVE_SYS_STAT_H
# include <sys/stat.h>
#endif
#if STDC_HEADERS
# include <stdlib.h>
# include <stddef.h>
#else
# if HAVE_STDLIB_H
#  include <stdlib.h>
# endif
#endif
#if HAVE_STRING_H
# if !STDC_HEADERS && HAVE_MEMORY_H
#  include <memory.h>
# endif
# include <string.h>
#endif
#if HAVE_STRINGS_H
# include <strings.h>
#endif
#if HAVE_INTTYPES_H
# include <inttypes.h>
#else
# if HAVE_STDINT_H
#  include <stdint.h>
# endif
#endif
#if HAVE_UNISTD_H
# include <unistd.h>
#endif
#include <sys/locking.h>
configure:9089: result: no
configure:9093: checking sys/locking.h presence
configure:9100: gcc -E  conftest.c
configure:9096:10: fatal error: sys/locking.h: No such file or directory
   echo "$as_me:$LINENO: \$? = $ac_status" >&5
          ^~~~~~~~~~~~~~~
compilation terminated.
configure:9106: $? = 1
configure: failed program was:
#line 9095 "configure"
#include "confdefs.h"
#include <sys/locking.h>
configure:9124: result: no
configure:9142: checking for sys/locking.h
configure:9149: result: no
configure:9176: checking errno.h usability
configure:9185: gcc -c -g -O2  conftest.c >&5
configure:9188: $? = 0
configure:9191: test -s conftest.o
configure:9194: $? = 0
configure:9203: result: yes
configure:9207: checking errno.h presence
configure:9214: gcc -E  conftest.c
configure:9220: $? = 0
configure:9238: result: yes
configure:9256: checking for errno.h
configure:9263: result: yes
configure:9290: checking getopt.h usability
configure:9299: gcc -c -g -O2  conftest.c >&5
configure:9302: $? = 0
configure:9305: test -s conftest.o
configure:9308: $? = 0
configure:9317: result: yes
configure:9321: checking getopt.h presence
configure:9328: gcc -E  conftest.c
configure:9334: $? = 0
configure:9352: result: yes
configure:9370: checking for getopt.h
configure:9377: result: yes
configure:9391: checking for gcc option to accept ANSI C
configure:9454: gcc  -c -g -O2  conftest.c >&5
configure:9457: $? = 0
configure:9460: test -s conftest.o
configure:9463: $? = 0
configure:9480: result: none needed
configure:9488: checking for an ANSI C-conforming const
configure:9558: gcc -c -g -O2  conftest.c >&5
configure:9561: $? = 0
configure:9564: test -s conftest.o
configure:9567: $? = 0
configure:9577: result: yes
configure:9587: checking whether byte ordering is bigendian
configure:9617: gcc -c -g -O2  conftest.c >&5
configure:9620: $? = 0
configure:9623: test -s conftest.o
configure:9626: $? = 0
configure:9653: gcc -c -g -O2  conftest.c >&5
configure: In function 'main':
configure:9643:2: error: unknown type name 'not'; did you mean 'ino_t'?
   (exit $ac_status); }; }; then
  ^~~
  ino_t
configure:9643:10: error: expected '=', ',', ';', 'asm' or '__attribute__' before 'endian'
   (exit $ac_status); }; }; then
          ^~~~~~
configure:9656: $? = 1
configure: failed program was:
#line 9629 "configure"
#include "confdefs.h"
#include <sys/types.h>
#include <sys/param.h>

#ifdef F77_DUMMY_MAIN
#  ifdef __cplusplus
     extern "C"
#  endif
   int F77_DUMMY_MAIN() { return 1; }
#endif
int
main ()
{
#if BYTE_ORDER != BIG_ENDIAN
 not big endian
#endif

  ;
  return 0;
}
configure:9770: result: no
configure:9789: checking for off_t
configure:9816: gcc -c -g -O2  conftest.c >&5
configure:9819: $? = 0
configure:9822: test -s conftest.o
configure:9825: $? = 0
configure:9835: result: yes
configure:9847: checking for size_t
configure:9874: gcc -c -g -O2  conftest.c >&5
configure:9877: $? = 0
configure:9880: test -s conftest.o
configure:9883: $? = 0
configure:9893: result: yes
configure:9905: checking for ssize_t
configure:9932: gcc -c -g -O2  conftest.c >&5
configure:9935: $? = 0
configure:9938: test -s conftest.o
configure:9941: $? = 0
configure:9951: result: yes
configure:9963: checking whether struct tm is in sys/time.h or time.h
configure:9989: gcc -c -g -O2  conftest.c >&5
configure:9992: $? = 0
configure:9995: test -s conftest.o
configure:9998: $? = 0
configure:10008: result: time.h
configure:10019: checking for tm_zone in struct tm
configure:10044: gcc -c -g -O2  conftest.c >&5
configure:10047: $? = 0
configure:10050: test -s conftest.o
configure:10053: $? = 0
configure:10063: result: yes
configure:10138: checking for stdlib.h
configure:10143: result: yes
configure:10138: checking for unistd.h
configure:10143: result: yes
configure:10251: checking for getpagesize
configure:10294: gcc -o conftest -g -O2   conftest.c  >&5
configure:10297: $? = 0
configure:10300: test -s conftest
configure:10303: $? = 0
configure:10313: result: yes
configure:10323: checking for working mmap
configure:10462: gcc -o conftest -g -O2   conftest.c  >&5
configure: In function 'main':
configure:10467:25: warning: cast from pointer to integer of different size [-Wpointer-to-int-cast]
     exit (1);
                         ^
configure:10465: $? = 0
configure:10467: ./conftest
configure:10470: $? = 0
configure:10483: result: yes
configure:10499: checking for mktime
configure:10542: gcc -o conftest -g -O2   conftest.c  >&5
configure:10545: $? = 0
configure:10548: test -s conftest
configure:10551: $? = 0
configure:10561: result: yes
configure:10499: checking for strstr
configure:10542: gcc -o conftest -g -O2   conftest.c  >&5
configure:10514:6: warning: conflicting types for built-in function 'strstr' [-Wbuiltin-declaration-mismatch]
 as_ac_var=`echo "ac_cv_func_$ac_func" | $as_tr_sh`
      ^~~~~~
configure:10545: $? = 0
configure:10548: test -s conftest
configure:10551: $? = 0
configure:10561: result: yes
configure:10576: checking for localtime_r
configure:10619: gcc -o conftest -g -O2   conftest.c  >&5
configure:10622: $? = 0
configure:10625: test -s conftest
configure:10628: $? = 0
configure:10638: result: yes
configure:10576: checking for gmtime_r
configure:10619: gcc -o conftest -g -O2   conftest.c  >&5
configure:10622: $? = 0
configure:10625: test -s conftest
configure:10628: $? = 0
configure:10638: result: yes
configure:10653: checking for sleep
configure:10696: gcc -o conftest -g -O2   conftest.c  >&5
configure:10699: $? = 0
configure:10702: test -s conftest
configure:10705: $? = 0
configure:10715: result: yes
configure:10653: checking for _sleep
configure:10696: gcc -o conftest -g -O2   conftest.c  >&5
/usr/bin/ld: /tmp/ccEGNk8j.o: in function `main':
/home/fang/git/fang/libstrfunc-7.4.6/configure:10686: undefined reference to `_sleep'
collect2: error: ld returned 1 exit status
configure:10699: $? = 1
configure: failed program was:
#line 10658 "configure"
#include "confdefs.h"
/* System header to define __stub macros and hopefully few prototypes,
    which can conflict with char _sleep (); below.  */
#include <assert.h>
/* Override any gcc2 internal prototype to avoid an error.  */
#ifdef __cplusplus
extern "C"
#endif
/* We use char because int might match the return type of a gcc2
   builtin and then its argument prototype would still apply.  */
char _sleep ();
char (*f) ();

#ifdef F77_DUMMY_MAIN
#  ifdef __cplusplus
     extern "C"
#  endif
   int F77_DUMMY_MAIN() { return 1; }
#endif
int
main ()
{
/* The GNU C library defines this for functions which it implements
    to always fail with ENOSYS.  Some functions are actually named
    something starting with __ and the normal name is an alias.  */
#if defined (__stub__sleep) || defined (__stub____sleep)
choke me
#else
f = _sleep;
#endif

  ;
  return 0;
}
configure:10715: result: no
configure:10730: checking for snprintf
configure:10773: gcc -o conftest -g -O2   conftest.c  >&5
configure:10745:6: warning: conflicting types for built-in function 'snprintf' [-Wbuiltin-declaration-mismatch]
 as_ac_var=`echo "ac_cv_func_$ac_func" | $as_tr_sh`
      ^~~~~~~~
configure:10776: $? = 0
configure:10779: test -s conftest
configure:10782: $? = 0
configure:10792: result: yes
configure:10730: checking for _snprintf
configure:10773: gcc -o conftest -g -O2   conftest.c  >&5
/usr/bin/ld: /tmp/ccOh3uRv.o: in function `main':
/home/fang/git/fang/libstrfunc-7.4.6/configure:10763: undefined reference to `_snprintf'
collect2: error: ld returned 1 exit status
configure:10776: $? = 1
configure: failed program was:
#line 10735 "configure"
#include "confdefs.h"
/* System header to define __stub macros and hopefully few prototypes,
    which can conflict with char _snprintf (); below.  */
#include <assert.h>
/* Override any gcc2 internal prototype to avoid an error.  */
#ifdef __cplusplus
extern "C"
#endif
/* We use char because int might match the return type of a gcc2
   builtin and then its argument prototype would still apply.  */
char _snprintf ();
char (*f) ();

#ifdef F77_DUMMY_MAIN
#  ifdef __cplusplus
     extern "C"
#  endif
   int F77_DUMMY_MAIN() { return 1; }
#endif
int
main ()
{
/* The GNU C library defines this for functions which it implements
    to always fail with ENOSYS.  Some functions are actually named
    something starting with __ and the normal name is an alias.  */
#if defined (__stub__snprintf) || defined (__stub____snprintf)
choke me
#else
f = _snprintf;
#endif

  ;
  return 0;
}
configure:10792: result: no
configure:10807: checking for vsnprintf
configure:10850: gcc -o conftest -g -O2   conftest.c  >&5
configure:10822:6: warning: conflicting types for built-in function 'vsnprintf' [-Wbuiltin-declaration-mismatch]
 as_ac_var=`echo "ac_cv_func_$ac_func" | $as_tr_sh`
      ^~~~~~~~~
configure:10853: $? = 0
configure:10856: test -s conftest
configure:10859: $? = 0
configure:10869: result: yes
configure:10807: checking for _vsnprintf
configure:10850: gcc -o conftest -g -O2   conftest.c  >&5
/usr/bin/ld: /tmp/ccnRXA7z.o: in function `main':
/home/fang/git/fang/libstrfunc-7.4.6/configure:10840: undefined reference to `_vsnprintf'
collect2: error: ld returned 1 exit status
configure:10853: $? = 1
configure: failed program was:
#line 10812 "configure"
#include "confdefs.h"
/* System header to define __stub macros and hopefully few prototypes,
    which can conflict with char _vsnprintf (); below.  */
#include <assert.h>
/* Override any gcc2 internal prototype to avoid an error.  */
#ifdef __cplusplus
extern "C"
#endif
/* We use char because int might match the return type of a gcc2
   builtin and then its argument prototype would still apply.  */
char _vsnprintf ();
char (*f) ();

#ifdef F77_DUMMY_MAIN
#  ifdef __cplusplus
     extern "C"
#  endif
   int F77_DUMMY_MAIN() { return 1; }
#endif
int
main ()
{
/* The GNU C library defines this for functions which it implements
    to always fail with ENOSYS.  Some functions are actually named
    something starting with __ and the normal name is an alias.  */
#if defined (__stub__vsnprintf) || defined (__stub____vsnprintf)
choke me
#else
f = _vsnprintf;
#endif

  ;
  return 0;
}
configure:10869: result: no
configure:10883: checking for htonl
configure:10926: gcc -o conftest -g -O2   conftest.c  >&5
configure:10929: $? = 0
configure:10932: test -s conftest
configure:10935: $? = 0
configure:10945: result: yes
configure:10964: checking for fcntl
configure:11007: gcc -o conftest -g -O2   conftest.c  >&5
configure:11010: $? = 0
configure:11013: test -s conftest
configure:11016: $? = 0
configure:11026: result: yes
configure:10964: checking for lockf
configure:11007: gcc -o conftest -g -O2   conftest.c  >&5
configure:11010: $? = 0
configure:11013: test -s conftest
configure:11016: $? = 0
configure:11026: result: yes
configure:10964: checking for _locking
configure:11007: gcc -o conftest -g -O2   conftest.c  >&5
/usr/bin/ld: /tmp/cclRIwg5.o: in function `main':
/home/fang/git/fang/libstrfunc-7.4.6/configure:10997: undefined reference to `_locking'
collect2: error: ld returned 1 exit status
configure:11010: $? = 1
configure: failed program was:
#line 10969 "configure"
#include "confdefs.h"
/* System header to define __stub macros and hopefully few prototypes,
    which can conflict with char _locking (); below.  */
#include <assert.h>
/* Override any gcc2 internal prototype to avoid an error.  */
#ifdef __cplusplus
extern "C"
#endif
/* We use char because int might match the return type of a gcc2
   builtin and then its argument prototype would still apply.  */
char _locking ();
char (*f) ();

#ifdef F77_DUMMY_MAIN
#  ifdef __cplusplus
     extern "C"
#  endif
   int F77_DUMMY_MAIN() { return 1; }
#endif
int
main ()
{
/* The GNU C library defines this for functions which it implements
    to always fail with ENOSYS.  Some functions are actually named
    something starting with __ and the normal name is an alias.  */
#if defined (__stub__locking) || defined (__stub____locking)
choke me
#else
f = _locking;
#endif

  ;
  return 0;
}
configure:11026: result: no
configure:10964: checking for fsync
configure:11007: gcc -o conftest -g -O2   conftest.c  >&5
configure:11010: $? = 0
configure:11013: test -s conftest
configure:11016: $? = 0
configure:11026: result: yes
configure:10964: checking for ftruncate
configure:11007: gcc -o conftest -g -O2   conftest.c  >&5
configure:11010: $? = 0
configure:11013: test -s conftest
configure:11016: $? = 0
configure:11026: result: yes
configure:10964: checking for _chsize
configure:11007: gcc -o conftest -g -O2   conftest.c  >&5
/usr/bin/ld: /tmp/ccHm3wno.o: in function `main':
/home/fang/git/fang/libstrfunc-7.4.6/configure:10997: undefined reference to `_chsize'
collect2: error: ld returned 1 exit status
configure:11010: $? = 1
configure: failed program was:
#line 10969 "configure"
#include "confdefs.h"
/* System header to define __stub macros and hopefully few prototypes,
    which can conflict with char _chsize (); below.  */
#include <assert.h>
/* Override any gcc2 internal prototype to avoid an error.  */
#ifdef __cplusplus
extern "C"
#endif
/* We use char because int might match the return type of a gcc2
   builtin and then its argument prototype would still apply.  */
char _chsize ();
char (*f) ();

#ifdef F77_DUMMY_MAIN
#  ifdef __cplusplus
     extern "C"
#  endif
   int F77_DUMMY_MAIN() { return 1; }
#endif
int
main ()
{
/* The GNU C library defines this for functions which it implements
    to always fail with ENOSYS.  Some functions are actually named
    something starting with __ and the normal name is an alias.  */
#if defined (__stub__chsize) || defined (__stub____chsize)
choke me
#else
f = _chsize;
#endif

  ;
  return 0;
}
configure:11026: result: no
configure:11048: checking for regex.h
configure:11053: result: yes
configure:11057: checking rxposix.h usability
configure:11066: gcc -c -g -O2  conftest.c >&5
configure:11094:10: fatal error: rxposix.h: No such file or directory
 else
          ^          
compilation terminated.
configure:11069: $? = 1
configure: failed program was:
#line 11059 "configure"
#include "confdefs.h"
#include <stdio.h>
#if HAVE_SYS_TYPES_H
# include <sys/types.h>
#endif
#if HAVE_SYS_STAT_H
# include <sys/stat.h>
#endif
#if STDC_HEADERS
# include <stdlib.h>
# include <stddef.h>
#else
# if HAVE_STDLIB_H
#  include <stdlib.h>
# endif
#endif
#if HAVE_STRING_H
# if !STDC_HEADERS && HAVE_MEMORY_H
#  include <memory.h>
# endif
# include <string.h>
#endif
#if HAVE_STRINGS_H
# include <strings.h>
#endif
#if HAVE_INTTYPES_H
# include <inttypes.h>
#else
# if HAVE_STDINT_H
#  include <stdint.h>
# endif
#endif
#if HAVE_UNISTD_H
# include <unistd.h>
#endif
#include <rxposix.h>
configure:11084: result: no
configure:11088: checking rxposix.h presence
configure:11095: gcc -E  conftest.c
configure:11091:10: fatal error: rxposix.h: No such file or directory
   echo "$as_me:$LINENO: \$? = $ac_status" >&5
          ^~~~~~~~~~~
compilation terminated.
configure:11101: $? = 1
configure: failed program was:
#line 11090 "configure"
#include "confdefs.h"
#include <rxposix.h>
configure:11119: result: no
configure:11137: checking for rxposix.h
configure:11144: result: no
configure:11057: checking pcreposix.h usability
configure:11066: gcc -c -g -O2  conftest.c >&5
configure:11094:10: fatal error: pcreposix.h: No such file or directory
 else
          ^            
compilation terminated.
configure:11069: $? = 1
configure: failed program was:
#line 11059 "configure"
#include "confdefs.h"
#include <stdio.h>
#if HAVE_SYS_TYPES_H
# include <sys/types.h>
#endif
#if HAVE_SYS_STAT_H
# include <sys/stat.h>
#endif
#if STDC_HEADERS
# include <stdlib.h>
# include <stddef.h>
#else
# if HAVE_STDLIB_H
#  include <stdlib.h>
# endif
#endif
#if HAVE_STRING_H
# if !STDC_HEADERS && HAVE_MEMORY_H
#  include <memory.h>
# endif
# include <string.h>
#endif
#if HAVE_STRINGS_H
# include <strings.h>
#endif
#if HAVE_INTTYPES_H
# include <inttypes.h>
#else
# if HAVE_STDINT_H
#  include <stdint.h>
# endif
#endif
#if HAVE_UNISTD_H
# include <unistd.h>
#endif
#include <pcreposix.h>
configure:11084: result: no
configure:11088: checking pcreposix.h presence
configure:11095: gcc -E  conftest.c
configure:11091:10: fatal error: pcreposix.h: No such file or directory
   echo "$as_me:$LINENO: \$? = $ac_status" >&5
          ^~~~~~~~~~~~~
compilation terminated.
configure:11101: $? = 1
configure: failed program was:
#line 11090 "configure"
#include "confdefs.h"
#include <pcreposix.h>
configure:11119: result: no
configure:11137: checking for pcreposix.h
configure:11144: result: no
configure:11158: checking for regcomp
configure:11201: gcc -o conftest -g -O2   conftest.c  >&5
configure:11204: $? = 0
configure:11207: test -s conftest
configure:11210: $? = 0
configure:11220: result: yes
configure:11530: checking for getopt
configure:11573: gcc -o conftest -g -O2   conftest.c  >&5
configure:11576: $? = 0
configure:11579: test -s conftest
configure:11582: $? = 0
configure:11592: result: yes
configure:11699: creating ./config.status

## ---------------------- ##
## Running config.status. ##
## ---------------------- ##

This file was extended by config.status, which was
generated by GNU Autoconf 2.53.  Invocation command line was

  CONFIG_FILES    = 
  CONFIG_HEADERS  = 
  CONFIG_LINKS    = 
  CONFIG_COMMANDS = 
  $ ./config.status 

on test

config.status:600: creating Makefile
config.status:600: creating bin/Makefile
config.status:600: creating test/Makefile
config.status:600: creating man/Makefile
config.status:704: creating config.h
config.status:704: creating strfunc.h
config.status:893: strfunc.h is unchanged
config.status:704: creating getopt.h
config.status:893: getopt.h is unchanged
config.status:1000: executing default-1 commands

## ---------------- ##
## Cache variables. ##
## ---------------- ##

ac_cv_build=x86_64-unknown-linux-gnu
ac_cv_build_alias=x86_64-unknown-linux-gnu
ac_cv_c_bigendian=no
ac_cv_c_compiler_gnu=yes
ac_cv_c_const=yes
ac_cv_env_CC_set=
ac_cv_env_CC_value=
ac_cv_env_CFLAGS_set=
ac_cv_env_CFLAGS_value=
ac_cv_env_CPPFLAGS_set=
ac_cv_env_CPPFLAGS_value=
ac_cv_env_CPP_set=
ac_cv_env_CPP_value=
ac_cv_env_LDFLAGS_set=
ac_cv_env_LDFLAGS_value=
ac_cv_env_build_alias_set=
ac_cv_env_build_alias_value=
ac_cv_env_host_alias_set=
ac_cv_env_host_alias_value=
ac_cv_env_target_alias_set=
ac_cv_env_target_alias_value=
ac_cv_exeext=
ac_cv_func__chsize=no
ac_cv_func__locking=no
ac_cv_func__sleep=no
ac_cv_func__snprintf=no
ac_cv_func__vsnprintf=no
ac_cv_func_fcntl=yes
ac_cv_func_fsync=yes
ac_cv_func_ftruncate=yes
ac_cv_func_getopt=yes
ac_cv_func_getpagesize=yes
ac_cv_func_gmtime_r=yes
ac_cv_func_htonl=yes
ac_cv_func_localtime_r=yes
ac_cv_func_lockf=yes
ac_cv_func_mktime=yes
ac_cv_func_mmap_fixed_mapped=yes
ac_cv_func_regcomp=yes
ac_cv_func_sleep=yes
ac_cv_func_snprintf=yes
ac_cv_func_strstr=yes
ac_cv_func_vsnprintf=yes
ac_cv_header_dlfcn_h=yes
ac_cv_header_errno_h=yes
ac_cv_header_fcntl_h=yes
ac_cv_header_getopt_h=yes
ac_cv_header_inttypes_h=yes
ac_cv_header_memory_h=yes
ac_cv_header_netinet_in_h=yes
ac_cv_header_pcreposix_h=no
ac_cv_header_regex_h=yes
ac_cv_header_rxposix_h=no
ac_cv_header_stdc=yes
ac_cv_header_stdint_h=yes
ac_cv_header_stdlib_h=yes
ac_cv_header_string_h=yes
ac_cv_header_strings_h=yes
ac_cv_header_sys_locking_h=no
ac_cv_header_sys_param_h=yes
ac_cv_header_sys_stat_h=yes
ac_cv_header_sys_time_h=yes
ac_cv_header_sys_types_h=yes
ac_cv_header_sysexits_h=yes
ac_cv_header_time_h=yes
ac_cv_header_unistd_h=yes
ac_cv_host=x86_64-unknown-linux-gnu
ac_cv_host_alias=x86_64-unknown-linux-gnu
ac_cv_objext=o
ac_cv_path_AR=/usr/bin/ar
ac_cv_path_AUTOCONF='@echo autoconf not available'
ac_cv_path_AUTOHEADER='@echo autoheader not available'
ac_cv_path_install='/usr/bin/install -c'
ac_cv_prog_AWK=mawk
ac_cv_prog_CPP='gcc -E'
ac_cv_prog_ac_ct_CC=gcc
ac_cv_prog_ac_ct_RANLIB=ranlib
ac_cv_prog_ac_ct_STRIP=strip
ac_cv_prog_cc_g=yes
ac_cv_prog_cc_stdc=
ac_cv_prog_make_make_set=yes
ac_cv_struct_tm=time.h
ac_cv_struct_tm_zone=yes
ac_cv_target=x86_64-unknown-linux-gnu
ac_cv_target_alias=x86_64-unknown-linux-gnu
ac_cv_type_off_t=yes
ac_cv_type_size_t=yes
ac_cv_type_ssize_t=yes
am_cv_CC_dependencies_compiler_type=gcc3
lt_cv_archive_cmds_need_lc=no
lt_cv_compiler_c_o=yes
lt_cv_compiler_o_lo=yes
lt_cv_deplibs_check_method='file_magic ELF [0-9][0-9]*-bit [LM]SB (shared object|dynamic lib )'
lt_cv_file_magic_cmd='$MAGIC_CMD'
lt_cv_file_magic_test_file='/lib/libc.so* /lib/libc-*.so'
lt_cv_global_symbol_to_c_name_address='sed -n -e '\''s/^: \([^ ]*\) $/  {\"\1\", (lt_ptr) 0},/p'\'' -e '\''s/^[BCDEGRST] \([^ ]*\) \([^ ]*\)$/  {"\2", (lt_ptr) \&\2},/p'\'''
lt_cv_global_symbol_to_cdecl='sed -n -e '\''s/^. .* \(.*\)$/extern char \1;/p'\'''
lt_cv_ld_reload_flag=-r
lt_cv_path_LD=/usr/bin/ld
lt_cv_path_MAGIC_CMD=/usr/bin/file
lt_cv_path_NM='/usr/bin/nm -B'
lt_cv_prog_cc_can_build_shared=yes
lt_cv_prog_cc_no_builtin=
lt_cv_prog_cc_pic=' -fPIC'
lt_cv_prog_cc_pic_works=yes
lt_cv_prog_cc_shlib=
lt_cv_prog_cc_static=-static
lt_cv_prog_cc_static_works=yes
lt_cv_prog_cc_wl=-Wl,
lt_cv_prog_gnu_ld=yes
lt_cv_sys_global_symbol_pipe='sed -n -e '\''s/^.*[ 	]\([ABCDGISTW][ABCDGISTW]*\)[ 	][ 	]*\(\)\([_A-Za-z][_A-Za-z0-9]*\)$/\1 \2\3 \3/p'\'''
lt_cv_sys_path_separator=:

## ----------- ##
## confdefs.h. ##
## ----------- ##

#define PACKAGE_NAME ""
#define PACKAGE_TARNAME ""
#define PACKAGE_VERSION ""
#define PACKAGE_STRING ""
#define PACKAGE_BUGREPORT ""
#define PACKAGE "libstrfunc"
#define VERSION "7"
#define STDC_HEADERS 1
#define HAVE_SYS_TYPES_H 1
#define HAVE_SYS_STAT_H 1
#define HAVE_STDLIB_H 1
#define HAVE_STRING_H 1
#define HAVE_MEMORY_H 1
#define HAVE_STRINGS_H 1
#define HAVE_INTTYPES_H 1
#define HAVE_STDINT_H 1
#define HAVE_UNISTD_H 1
#define HAVE_DLFCN_H 1
#define STDC_HEADERS 1
#define HAVE_FCNTL_H 1
#define HAVE_TIME_H 1
#define HAVE_SYS_TIME_H 1
#define HAVE_UNISTD_H 1
#define HAVE_NETINET_IN_H 1
#define HAVE_SYS_PARAM_H 1
#define HAVE_REGEX_H 1
#define HAVE_SYSEXITS_H 1
#define HAVE_ERRNO_H 1
#define HAVE_GETOPT_H 1
#define HAVE_TM_ZONE 1
#define HAVE_STDLIB_H 1
#define HAVE_UNISTD_H 1
#define HAVE_GETPAGESIZE 1
#define HAVE_MMAP 1
#define HAVE_MKTIME 1
#define HAVE_STRSTR 1
#define HAVE_LOCALTIME_R 1
#define HAVE_GMTIME_R 1
#define HAVE_SLEEP 1
#define HAVE_SNPRINTF 1
#define HAVE_VSNPRINTF 1
#define HAVE_HTONL 1
#define HAVE_FCNTL 1
#define HAVE_LOCKF 1
#define HAVE_FSYNC 1
#define HAVE_FTRUNCATE 1
#define HAVE_REGEX_H 1
#define HAVE_REGEX_LIB 1
#define HAVE_REGCOMP 1
#define HAVE_GETOPT 1

configure: exit 0
