#15000
breastplate~
An etched bronze breastplate~
A beautifully crafted breast plate rests here.~
~
9 0 9
20 20 0 0
40 0 0
E
breastplate~
This is an extreamly sturdy piece of armor, and it appears to have
been crafted by one of the finest armorers in all the land.
~
#15001
scabbard leather~
a finely crafted leather scabbard~
A finely crafted leather scabbard~
~
15 0 2049
100 0 0 0
0 0 0
E
scabbard~
This scabbard is crafted of the finest leather.
~
E
leather~
The leather of which this scabbard has been made possesses a deep
lustre and shine.
~
#15002
silver ring etched~
an etched silver ring~
An etched silver rings lies here glinting brightly.~
~
9 0 3
5 0 0 0
1 0 0
A
18 5
A
19 5
#15003
boots riding golden crest~
A pair of Riding boots with a golden crest~
A pair of well worn boots rests here.~
~
9 0 65
5 0 0 0
5 0 0
A
14 20
#15004
cloak fine wool~
a fine woolen cloak~
A fine woolen cloak lies here.~
~
9 0 1025
5 5 0 0
17 0 0
#15005
bastard sword~
a well made bastard sword~
A high quality sword, with an exceptionaly long handle, rests here.~
~
5 0 8193
5 4 10 3
15 0 0
#15006
short sword~
A short sword~
A finely crafted short sword lies here.~
~
5 0 8193
0 2 10 14
8 0 0
#15007
pebble key rock tv~
pebble~
A small black pebble lies here.~
~
18 0 1
0 0 0 0
2 0 0
#15008
dagger~
a small dagger~
A small dagger is glinting in the sun~
~
5 0 8193
0 2 10 11
10 5 0
A
18 -2
#15009
pan tv~
a Pan~
There is a small pan lying on the table nearby.~
~
5 0 8193
2 2 10 5
10 1 0
E
pan~
It appears quite sturdy, and heavy.
~
A
6 -2
#15010
pot tv~
a dented up old brass pot~
An old brass pot collects dust on the floor here.~
~
9 0 17
7 10 0 0
10 0 0
E
pot~
its about the size of your head actually, it might have some use after all.
~
A
6 -2
#15011
dagger tv~
a gold hilted dagger~
A short gold hilted dagger is lying here~
~
5 0 8193
2 3 15 3
5 20 0
A
19 1
A
13 5
#15012
collar bracelet tv~
a Cat Collar~
A small bracelet is lying on the ground~
~
9 1 4097
-5 2 0 0
5 583 0
A
2 2
A
19 3
#15013
a longsword tv~
a slim longsword~
A longsword with engravings on either side is lying here~
~
5 0 32769
4 13 15 3
20 800 0
A
2 2
A
19 4
A
17 -10
A
1 1
#15014
slingshot tv~
a slingshot~
A small slingshot is lying here~
~
5 0 8193
0 2 4 1
2 4 0
#15015
an old staff tv~
an Old Staff~
An old tatered staff is lying here~
~
5 0 8193
-2 5 7 7
19 67 0
#15016
whip tv~
a whip~
A long black leather whip is lying here~
~
5 256 8193
5 10 15 2
10 200 0
A
19 4
#15025
metal chunk T-V~
an old chunk of strange metal~
An odd looking chunk of metal is discarded here.~
~
7 0 24577
0 0 0 0
5 0 0
A
4 -4
A
3 -4
#15096
cloak~
a cloak~
A cloak is here.~
~
9 0 1025
70 200 0 0
0 0 0
A
2 3
A
5 3
A
13 100
A
14 100
#15097
sword steel WARDER~
a steel sword~
A sword is here.~
~
5 65544 8193
0 6 10 3
5 0 0
A
18 45
A
19 45
#15098
belt sword leather WARDER~
a leather sword belt~
A leather belt is here.~
~
15 65544 2049
500 0 -1 0
3 0 0
A
1 3
#15099
~text~
one~
two~
~
0 0 0
0 0 0 0
0 0 0
$
~
~
~
3 0 0
0 0 0 0
0 0 0
A
2 3
A
5 3
A
13 100
A
14 100
$~
